--------------------------------------------------------------------------------
Release 14.7 Trace  (nt64)
Copyright (c) 1995-2013 Xilinx, Inc.  All rights reserved.

C:\Xilinx\14.7\ISE_DS\ISE\bin\nt64\unwrapped\trce.exe -intstyle ise -v 3 -s 3
-n 3 -fastpaths -xml ps2_keyboard_to_ascii.twx ps2_keyboard_to_ascii.ncd -o
ps2_keyboard_to_ascii.twr ps2_keyboard_to_ascii.pcf -ucf ps2_keyboard.ucf

Design file:              ps2_keyboard_to_ascii.ncd
Physical constraint file: ps2_keyboard_to_ascii.pcf
Device,package,speed:     xc6slx9,tqg144,C,-3 (PRODUCTION 1.23 2013-10-13)
Report level:             verbose report

Environment Variable      Effect 
--------------------      ------ 
NONE                      No environment variables were set
--------------------------------------------------------------------------------

INFO:Timing:2698 - No timing constraints found, doing default enumeration.
INFO:Timing:3412 - To improve timing, see the Timing Closure User Guide (UG612).
INFO:Timing:2752 - To get complete path coverage, use the unconstrained paths 
   option. All paths that are not constrained will be reported in the 
   unconstrained paths section(s) of the report.
INFO:Timing:3339 - The clock-to-out numbers in this timing report are based on 
   a 50 Ohm transmission line loading model.  For the details of this model, 
   and for more information on accounting for different loading conditions, 
   please see the device datasheet.



Data Sheet report:
-----------------
All values displayed in nanoseconds (ns)

Setup/Hold to clock clk
------------+------------+------------+------------+------------+------------------+--------+
            |Max Setup to|  Process   |Max Hold to |  Process   |                  | Clock  |
Source      | clk (edge) |   Corner   | clk (edge) |   Corner   |Internal Clock(s) | Phase  |
------------+------------+------------+------------+------------+------------------+--------+
ps2_clk     |    0.930(R)|      SLOW  |   -0.070(R)|      SLOW  |clk_BUFGP         |   0.000|
ps2_data    |    0.591(R)|      SLOW  |    0.252(R)|      SLOW  |clk_BUFGP         |   0.000|
------------+------------+------------+------------+------------+------------------+--------+

Clock clk to Pad
-------------+-----------------+------------+-----------------+------------+------------------+--------+
             |Max (slowest) clk|  Process   |Min (fastest) clk|  Process   |                  | Clock  |
Destination  |  (edge) to PAD  |   Corner   |  (edge) to PAD  |   Corner   |Internal Clock(s) | Phase  |
-------------+-----------------+------------+-----------------+------------+------------------+--------+
ascii_code<0>|         7.056(R)|      SLOW  |         3.583(R)|      FAST  |clk_BUFGP         |   0.000|
ascii_code<1>|         7.052(R)|      SLOW  |         3.590(R)|      FAST  |clk_BUFGP         |   0.000|
ascii_code<2>|         7.052(R)|      SLOW  |         3.590(R)|      FAST  |clk_BUFGP         |   0.000|
ascii_code<3>|         7.060(R)|      SLOW  |         3.585(R)|      FAST  |clk_BUFGP         |   0.000|
ascii_code<4>|         7.294(R)|      SLOW  |         3.755(R)|      FAST  |clk_BUFGP         |   0.000|
ascii_code<5>|         8.184(R)|      SLOW  |         4.258(R)|      FAST  |clk_BUFGP         |   0.000|
ascii_code<6>|         8.189(R)|      SLOW  |         4.261(R)|      FAST  |clk_BUFGP         |   0.000|
ascii_new    |         7.167(R)|      SLOW  |         3.656(R)|      FAST  |clk_BUFGP         |   0.000|
-------------+-----------------+------------+-----------------+------------+------------------+--------+

Clock to Setup on destination clock clk
---------------+---------+---------+---------+---------+
               | Src:Rise| Src:Fall| Src:Rise| Src:Fall|
Source Clock   |Dest:Rise|Dest:Rise|Dest:Fall|Dest:Fall|
---------------+---------+---------+---------+---------+
clk            |    6.599|         |         |         |
---------------+---------+---------+---------+---------+


Analysis completed Fri Dec 10 21:23:30 2021 
--------------------------------------------------------------------------------

Trace Settings:
-------------------------
Trace Settings 

Peak Memory Usage: 4571 MB



